use rbf
2024-03-15 12:19:17,760 - my_app - INFO - Running my application
2024-03-15 12:58:58,064 - my_app - INFO - paramers:three spd:True,topK:100,accuracy:0.7
2024-03-15 13:03:17,079 - my_app - INFO - paramers:three spd:True,topK:50,accuracy:0.7
2024-03-15 13:07:50,830 - my_app - INFO - paramers:three spd:True,topK:40,accuracy:0.7
2024-03-15 13:09:04,018 - my_app - INFO - paramers:three spd:False,topK:40,accuracy:0.75
2024-03-15 13:11:03,678 - my_app - INFO - paramers:three spd:False,topK:50,accuracy:0.8
2024-03-15 13:11:36,801 - my_app - INFO - paramers:three spd:False,topK:100,accuracy:0.725

----
use linear
2024-03-15 13:16:30,249 - my_app - INFO - paramers:three spd:False,topK:100,accuracy:0.925
2024-03-15 13:18:33,256 - my_app - INFO - paramers:three spd:False,topK:50,accuracy:0.9
2024-03-15 13:19:32,741 - my_app - INFO - paramers:three spd:False,topK:80,accuracy:0.9
2024-03-15 13:20:20,791 - my_app - INFO - paramers:three spd:False,topK:120,accuracy:0.9
2024-03-15 13:20:53,950 - my_app - INFO - paramers:three spd:False,topK:110,accuracy:0.9


Above C=1
---
wanna try new C
---
C=2
2024-03-15 13:27:01,837 - my_app - INFO - paramers:three spd:False,topK:100,accuracy:0.9

----
2024-03-15 13:33:00,140 - my_app - INFO - paramers:three spd:True,topK:100,accuracy:0.825

---
cambridge dataset
2024-03-18 12:08:59,807 - my_app - INFO - paramers:kmeansCenter:100,accuracy:0.9722222222222222 - /Users/baizhonghai/spdMix/scenario_try_surf_bow_svm.py
2024-03-18 14:46:25,123 - my_app - INFO - parameters:topK:100,accuracy:0.9555555555555556 - /Users/baizhonghai/spdMix/scenario_try_spd_kbest_svm.py
---


2024-03-18 15:27:28,776 - my_app - INFO - paramers:kmeansCenter:100,accuracy:0.9666666666666667 - /Users/baizhonghai/spdMix/scenario_try_surf_bow_svm.py
2024-03-18 15:32:02,692 - my_app - INFO - paramers:kmeansCenter:100,accuracy:0.9666666666666667 - /Users/baizhonghai/spdMix/scenario_try_surf_bow_svm.py
2024-03-18 16:15:11,041 - my_app - INFO - parameters:topK:100,accuracy:0.9722222222222222 - /Users/baizhonghai/spdMix/scenario_try_spd_kbest_svm.py
2024-03-18 16:26:08,488 - my_app - INFO - parameters:topK:100,accuracy:0.9555555555555556 - /Users/baizhonghai/spdMix/scenario_try_spd_kbest_svm_tmp.py
2024-03-18 16:55:36,478 - my_app - INFO - paramers:just combine without any tricky,accuracy:0.9833333333333333 - /Users/baizhonghai/spdMix/scenario_try_spd_surf_svm.py
2024-03-18 19:44:25,402 - my_app - INFO - paramers:just combine without any tricky,accuracy:0.9833333333333333 - /Users/baizhonghai/spdMix/scenario_try_spd_surf_svm.py
2024-03-18 19:45:22,121 - my_app - INFO - paramers:just combine without any tricky,accuracy:0.9833333333333333 - /Users/baizhonghai/spdMix/scenario_try_spd_surf_svm.py
2024-03-18 19:46:19,876 - my_app - INFO - paramers:just combine without any tricky,accuracy:0.9833333333333333 - /Users/baizhonghai/spdMix/scenario_try_spd_surf_svm.py
2024-03-18 19:46:51,731 - my_app - INFO - paramers:just combine without any tricky,accuracy:0.9822222222222222 - /Users/baizhonghai/spdMix/scenario_try_spd_surf_svm.py
2024-03-18 21:36:11,757 - my_app - INFO - d:df: - /Users/baizhonghai/spdMix/tmp_to_delete.py
2024-03-18 21:37:14,509 - my_app - INFO - d:df: - /Users/baizhonghai/spdMix/tmp_to_delete.py
2024-03-18 21:47:29,794 - my_app - INFO - paramers:kmeansCenter:100,accuracy:0.9722222222222222 - /Users/baizhonghai/spdMix/scenario_try_surf_bow_svm.py
2024-03-18 21:48:59,619 - my_app - INFO - parameters:topK:100,accuracy:0.9722222222222222 - /Users/baizhonghai/spdMix/scenario_try_spd_kbest_svm.py
2024-03-18 21:50:06,163 - my_app - INFO - paramers:just combine without any tricky,accuracy:0.9888888888888889 - /Users/baizhonghai/spdMix/scenario_try_spd_surf_svm.py
2024-03-19 09:29:33,351 - my_app - INFO - paramers:just combine without any tricky,accuracy:0.9888888888888889 - /Users/baizhonghai/spdMix/scenario_try_spd_surf_svm.py
2024-03-19 10:02:24,154 - my_app - INFO - paramers:just combine without any tricky,accuracy:0.95 - /Users/baizhonghai/spdMix/scenario_try_spd_surf_kbest_svm.py
2024-03-19 10:03:07,985 - my_app - INFO - paramers:just combine without any tricky,accuracy:0.9888888888888889 - /Users/baizhonghai/spdMix/scenario_try_spd_surf_kbest_svm.py
2024-03-19 10:03:45,050 - my_app - INFO - paramers:just combine without any tricky,accuracy:0.9888888888888889 - /Users/baizhonghai/spdMix/scenario_try_spd_surf_kbest_svm.py
2024-03-19 10:04:01,835 - my_app - INFO - parameters:topK:500,accuracy:0.9944444444444445 - /Users/baizhonghai/spdMix/scenario_try_spd_kbest_svm.py
2024-03-19 10:08:02,757 - my_app - INFO - parameters:topK:1225,accuracy:0.9888888888888889 - /Users/baizhonghai/spdMix/scenario_try_spd_kbest_svm.py
2024-03-19 10:09:53,388 - my_app - INFO - parameters:topK:1225,accuracy:0.9888888888888889 - /Users/baizhonghai/spdMix/scenario_try_spd_kbest_svm.py
2024-03-19 10:10:01,587 - my_app - INFO - parameters:topK:1225,accuracy:0.9888888888888889 - /Users/baizhonghai/spdMix/scenario_try_spd_kbest_svm.py
2024-03-19 10:11:51,910 - my_app - INFO - parameters:topK:1225,accuracy:0.9888888888888889 - /Users/baizhonghai/spdMix/scenario_try_spd_kbest_svm.py
2024-03-19 10:12:00,440 - my_app - INFO - parameters:topK:1225,accuracy:0.9888888888888889 - /Users/baizhonghai/spdMix/scenario_try_spd_kbest_svm.py
2024-03-19 10:12:19,764 - my_app - INFO - parameters:topK:1225,accuracy:0.9844444444444445 - /Users/baizhonghai/spdMix/scenario_try_spd_kbest_svm.py
2024-03-19 10:12:34,529 - my_app - INFO - parameters:topK:1225,accuracy:0.9851851851851852 - /Users/baizhonghai/spdMix/scenario_try_spd_kbest_svm.py
2024-03-19 10:12:42,770 - my_app - INFO - parameters:topK:1225,accuracy:0.8975308641975308 - /Users/baizhonghai/spdMix/scenario_try_spd_kbest_svm.py
2024-03-19 10:12:50,824 - my_app - INFO - parameters:topK:1225,accuracy:0.9569444444444445 - /Users/baizhonghai/spdMix/scenario_try_spd_kbest_svm.py
2024-03-19 10:12:58,760 - my_app - INFO - parameters:topK:1225,accuracy:0.9851851851851852 - /Users/baizhonghai/spdMix/scenario_try_spd_kbest_svm.py
2024-03-19 10:13:12,811 - my_app - INFO - parameters:topK:1225,accuracy:0.9888888888888889 - /Users/baizhonghai/spdMix/scenario_try_spd_kbest_svm.py
2024-03-19 10:14:05,649 - my_app - INFO - parameters:topK:1225,accuracy:0.9888888888888889 - /Users/baizhonghai/spdMix/scenario_try_spd_kbest_svm.py
2024-03-19 10:14:48,836 - my_app - INFO - parameters:topK:225,accuracy:0.9777777777777777 - /Users/baizhonghai/spdMix/scenario_try_spd_kbest_svm.py
2024-03-19 10:15:12,989 - my_app - INFO - parameters:topK:300,accuracy:0.9944444444444445 - /Users/baizhonghai/spdMix/scenario_try_spd_kbest_svm.py
2024-03-19 10:16:36,649 - my_app - INFO - parameters:topK:350,accuracy:0.9944444444444445 - /Users/baizhonghai/spdMix/scenario_try_spd_kbest_svm.py
2024-03-19 10:17:55,247 - my_app - INFO - parameters:topK:300,accuracy:0.9933333333333333 - /Users/baizhonghai/spdMix/scenario_try_spd_kbest_svm.py
2024-03-19 10:19:20,545 - my_app - INFO - parameters:topK:300,accuracy:0.9611111111111111 - /Users/baizhonghai/spdMix/scenario_try_spd_kbest_svm.py
2024-03-19 10:20:09,928 - my_app - INFO - parameters:topK:1225,accuracy:0.9569444444444445 - /Users/baizhonghai/spdMix/scenario_try_spd_kbest_svm.py
2024-03-19 10:20:34,772 - my_app - INFO - parameters:topK:300,accuracy:0.9611111111111111 - /Users/baizhonghai/spdMix/scenario_try_spd_kbest_svm.py
2024-03-19 10:20:51,475 - my_app - INFO - parameters:topK:300,accuracy:0.9944444444444445 - /Users/baizhonghai/spdMix/scenario_try_spd_kbest_svm.py
2024-03-19 10:22:45,525 - my_app - INFO - parameters:topK:1225,accuracy:0.9888888888888889 - /Users/baizhonghai/spdMix/scenario_try_spd_kbest_svm.py
2024-03-19 10:24:48,171 - my_app - INFO - paramers:just combine without any tricky,accuracy:0.9777777777777777 - /Users/baizhonghai/spdMix/scenario_try_spd_surf_kbest_svm.py
2024-03-19 10:27:20,511 - my_app - INFO - paramers:topk:500,accuracy:0.9814814814814815 - /Users/baizhonghai/spdMix/scenario_try_spd_surf_kbest_svm.py
2024-03-19 10:27:57,476 - my_app - INFO - paramers:topk:600,accuracy:0.9777777777777777 - /Users/baizhonghai/spdMix/scenario_try_spd_surf_kbest_svm.py
2024-03-19 10:28:28,753 - my_app - INFO - paramers:just combine without any tricky,accuracy:0.9888888888888889 - /Users/baizhonghai/spdMix/scenario_try_spd_surf_svm.py
2024-03-19 10:29:06,459 - my_app - INFO - paramers:just combine without any tricky,accuracy:0.9888888888888889 - /Users/baizhonghai/spdMix/scenario_try_spd_surf_svm.py
2024-03-19 10:29:57,016 - my_app - INFO - parameters:topK:1225,accuracy:0.9888888888888889 - /Users/baizhonghai/spdMix/scenario_try_spd_kbest_svm.py
2024-03-19 10:31:31,380 - my_app - INFO - paramers:kmeansCenter:100,accuracy:0.9592592592592593 - /Users/baizhonghai/spdMix/scenario_try_surf_bow_svm.py
2024-03-19 10:39:05,522 - my_app - INFO - parameters:topK:1225,accuracy:0.9844444444444445 - /Users/baizhonghai/spdMix/scenario_try_spd_kbest_svm.py
2024-03-19 10:39:45,272 - my_app - INFO - parameters:topK:300,accuracy:0.9933333333333333 - /Users/baizhonghai/spdMix/scenario_try_spd_kbest_svm.py
2024-03-19 10:48:39,414 - my_app - INFO - paramers:kmeansCenter:100,accuracy:0.94 - /Users/baizhonghai/spdMix/scenario_try_surf_bow_svm.py
2024-03-19 11:00:43,332 - my_app - INFO - paramers:topk:300,accuracy:0.9488888888888889 - /Users/baizhonghai/spdMix/scenario_try_spd_surf_kbest_svm.py
2024-03-19 11:01:49,929 - my_app - INFO - paramers:topk:1000,accuracy:0.9533333333333334 - /Users/baizhonghai/spdMix/scenario_try_spd_surf_kbest_svm.py
2024-03-19 11:02:39,523 - my_app - INFO - paramers:topk:1500,accuracy:0.9555555555555556 - /Users/baizhonghai/spdMix/scenario_try_spd_surf_kbest_svm.py
2024-03-19 11:03:38,633 - my_app - INFO - paramers:topk:1700,accuracy:0.9444444444444444 - /Users/baizhonghai/spdMix/scenario_try_spd_surf_kbest_svm.py
2024-03-19 11:06:48,613 - my_app - INFO - paramers:topk:1700,accuracy:0.9444444444444444 - /Users/baizhonghai/spdMix/scenario_try_spd_surf_kbest_svm.py
2024-03-19 11:07:19,741 - my_app - INFO - paramers:topk:1725,accuracy:0.9422222222222222 - /Users/baizhonghai/spdMix/scenario_try_spd_surf_kbest_svm.py
2024-03-19 11:08:48,698 - my_app - INFO - paramers:topk:1000,accuracy:0.9777777777777777 - /Users/baizhonghai/spdMix/scenario_try_spd_surf_kbest_svm.py
2024-03-19 11:09:32,541 - my_app - INFO - paramers:topk:1500,accuracy:0.9740740740740741 - /Users/baizhonghai/spdMix/scenario_try_spd_surf_kbest_svm.py
2024-03-19 11:10:14,466 - my_app - INFO - parameters:topK:300,accuracy:0.9962962962962963 - /Users/baizhonghai/spdMix/scenario_try_spd_kbest_svm.py
2024-03-19 11:11:21,136 - my_app - INFO - parameters:topK:1225,accuracy:0.9888888888888889 - /Users/baizhonghai/spdMix/scenario_try_spd_kbest_svm.py
2024-03-19 11:12:46,713 - my_app - INFO - parameters:topK:300,accuracy:0.9962962962962963 - /Users/baizhonghai/spdMix/scenario_try_spd_kbest_svm.py
2024-03-19 12:19:41,641 - my_app - INFO - paramers:topk:1725,accuracy:0.9740740740740741 - /Users/baizhonghai/spdMix/scenario_try_spd_surf_kbest_svm.py
2024-03-19 12:35:43,870 - my_app - INFO - paramers:topk:1725,accuracy:0.9962962962962963 - /Users/baizhonghai/spdMix/scenario_try_spd_surf_kbest_svm.py
2024-03-19 12:38:05,362 - my_app - INFO - paramers:topk:1725,accuracy:0.9962962962962963 - /Users/baizhonghai/spdMix/scenario_try_spd_surf_kbest_svm.py
2024-03-19 12:38:34,936 - my_app - INFO - parameters:topK:1225,accuracy:0.9888888888888889 - /Users/baizhonghai/spdMix/scenario_try_spd_kbest_svm.py
2024-03-19 12:39:18,026 - my_app - INFO - paramers:topk:1725,accuracy:0.9962962962962963 - /Users/baizhonghai/spdMix/scenario_try_spd_surf_kbest_svm.py
2024-03-19 12:40:20,276 - my_app - INFO - paramers:topk:1725,accuracy:0.9866666666666667 - /Users/baizhonghai/spdMix/scenario_try_spd_surf_kbest_svm.py
2024-03-19 12:40:53,734 - my_app - INFO - parameters:topK:1225,accuracy:0.9844444444444445 - /Users/baizhonghai/spdMix/scenario_try_spd_kbest_svm.py
2024-03-19 12:41:38,588 - my_app - INFO - parameters:topK:1225,accuracy:0.9888888888888889 - /Users/baizhonghai/spdMix/scenario_try_spd_kbest_svm.py
2024-03-19 12:43:22,780 - my_app - INFO - parameters:topK:1225,accuracy:0.9888888888888889 - /Users/baizhonghai/spdMix/scenario_try_spd_kbest_svm.py
2024-03-19 12:44:01,839 - my_app - INFO - parameters:topK:1225,accuracy:0.9888888888888889 - /Users/baizhonghai/spdMix/scenario_try_spd_kbest_svm.py
2024-03-19 12:44:27,913 - my_app - INFO - paramers:topk:1725,accuracy:0.9962962962962963 - /Users/baizhonghai/spdMix/scenario_try_spd_surf_kbest_svm.py
2024-03-19 12:46:24,112 - my_app - INFO - paramers:topk:1000,accuracy:0.9962962962962963 - /Users/baizhonghai/spdMix/scenario_try_spd_surf_kbest_svm.py
2024-03-19 12:47:23,327 - my_app - INFO - paramers:topk:500,accuracy:1.0 - /Users/baizhonghai/spdMix/scenario_try_spd_surf_kbest_svm.py
2024-03-19 12:48:09,364 - my_app - INFO - paramers:topk:500,accuracy:1.0 - /Users/baizhonghai/spdMix/scenario_try_spd_surf_kbest_svm.py
2024-03-19 12:48:38,196 - my_app - INFO - paramers:topk:500,accuracy:0.9977777777777778 - /Users/baizhonghai/spdMix/scenario_try_spd_surf_kbest_svm.py
2024-03-19 12:49:06,253 - my_app - INFO - paramers:topk:500,accuracy:1.0 - /Users/baizhonghai/spdMix/scenario_try_spd_surf_kbest_svm.py
2024-03-19 12:49:28,776 - my_app - INFO - paramers:topk:500,accuracy:0.9763888888888889 - /Users/baizhonghai/spdMix/scenario_try_spd_surf_kbest_svm.py
2024-03-19 12:49:52,315 - my_app - INFO - paramers:topk:500,accuracy:0.9977777777777778 - /Users/baizhonghai/spdMix/scenario_try_spd_surf_kbest_svm.py
2024-03-19 12:50:16,273 - my_app - INFO - paramers:topk:500,accuracy:1.0 - /Users/baizhonghai/spdMix/scenario_try_spd_surf_kbest_svm.py
2024-03-19 13:24:42,950 - my_app - INFO - paramers:topk:500,accuracy:1.0 - /Users/baizhonghai/spdMix/scenario_try_spd_surf_kbest_svm.py
2024-03-19 13:25:40,103 - my_app - INFO - paramers:topk:500,accuracy:1.0 - /Users/baizhonghai/spdMix/scenario_try_spd_surf_kbest_svm.py
#这个结果是都没有进行特征选择的结果，如果进行特征选择结果会更好，可以达到1，可能特征选择也不是特别有必要把。
Cambridge数据集 test 30%
2024-03-19 13:26:13,235 - my_app - INFO - paramers:topk:1725,accuracy:0.9962962962962963 - /Users/baizhonghai/spdMix/scenario_try_spd_surf_kbest_svm.py
2024-03-19 13:27:18,725 - my_app - INFO - paramers:kmeansCenter:100,accuracy:0.9666666666666667 - /Users/baizhonghai/spdMix/scenario_try_surf_bow_svm.py
2024-03-19 13:28:11,070 - my_app - INFO - parameters:topK:1225,accuracy:0.9888888888888889 - /Users/baizhonghai/spdMix/scenario_try_spd_kbest_svm.py
#接下来应该换新的数据集去做这个实验了。
2024-03-19 13:38:39,796 - my_app - INFO - paramers:topk:1725,accuracy:0.9866666666666667 - /Users/baizhonghai/spdMix/scenario_try_spd_surf_kbest_svm.py
2024-03-19 13:54:00,207 - my_app - INFO - paramers:topk:500,accuracy:0.9955555555555555 - /Users/baizhonghai/spdMix/scenario_try_spd_surf_kbest_svm.py
2024-03-19 13:54:52,909 - my_app - INFO - paramers:topk:500,accuracy:0.9955555555555555 - /Users/baizhonghai/spdMix/scenario_try_spd_surf_kbest_svm.py
2024-03-19 13:55:11,766 - my_app - INFO - parameters:topK:300,accuracy:0.9933333333333333 - /Users/baizhonghai/spdMix/scenario_try_spd_kbest_svm.py
2024-03-19 13:56:07,275 - my_app - INFO - parameters:topK:300,accuracy:0.9933333333333333 - /Users/baizhonghai/spdMix/scenario_try_spd_kbest_svm.py
#这个是 test 50%
2024-03-19 13:57:16,520 - my_app - INFO - parameters:topK:1225,accuracy:0.9844444444444445 - /Users/baizhonghai/spdMix/scenario_try_spd_kbest_svm.py
2024-03-19 13:57:58,057 - my_app - INFO - paramers:topk:1725,accuracy:0.9866666666666667 - /Users/baizhonghai/spdMix/scenario_try_spd_surf_kbest_svm.py
2024-03-19 14:00:54,116 - my_app - INFO - paramers:topk:400,accuracy:0.9911111111111112 - /Users/baizhonghai/spdMix/scenario_try_spd_surf_kbest_svm.py
2024-03-19 14:01:28,227 - my_app - INFO - paramers:topk:300,accuracy:0.9888888888888889 - /Users/baizhonghai/spdMix/scenario_try_spd_surf_kbest_svm.py
2024-03-19 14:02:06,334 - my_app - INFO - paramers:topk:450,accuracy:0.9933333333333333 - /Users/baizhonghai/spdMix/scenario_try_spd_surf_kbest_svm.py
2024-03-19 15:07:23,611 - my_app - INFO - paramers:kmeansCenter:64,accuracy:0.9288888888888889 - /Users/baizhonghai/spdMix/scenario_try_surf_bow_svm.py
2024-03-19 15:08:21,208 - my_app - INFO - paramers:topk:450,accuracy:0.9977777777777778 - /Users/baizhonghai/spdMix/scenario_try_spd_surf_kbest_svm.py
2024-03-19 15:09:44,506 - my_app - INFO - paramers:topk:1545,accuracy:0.9933333333333333 - /Users/baizhonghai/spdMix/scenario_try_spd_surf_kbest_svm.py
2024-03-19 15:11:16,639 - my_app - INFO - parameters:topK:1225,accuracy:0.9844444444444445 - /Users/baizhonghai/spdMix/scenario_try_spd_kbest_svm.py
